<?xml version="1.0" encoding="UTF-8" standalone="yes"?>
<!DOCTYPE report PUBLIC "-//JACOCO//DTD Report 1.1//EN" "report.dtd">
<report name="qualityguard-backend">
  <sessioninfo id="session1" start="1700000000000" dump="1700000005000"/>
  <package name="com/qualityguard/service">
    <class name="com/qualityguard/service/UserService" sourcefilename="UserService.java">
      <method name="getUser" desc="(Ljava/lang/String;)Lcom/qualityguard/User;" line="15">
        <counter type="INSTRUCTION" missed="2" covered="10"/>
        <counter type="LINE" missed="1" covered="4"/>
        <counter type="COMPLEXITY" missed="0" covered="1"/>
        <counter type="METHOD" missed="0" covered="1"/>
      </method>
      <counter type="INSTRUCTION" missed="2" covered="10"/>
      <counter type="LINE" missed="1" covered="4"/>
      <counter type="COMPLEXITY" missed="0" covered="1"/>
      <counter type="METHOD" missed="0" covered="1"/>
      <counter type="CLASS" missed="0" covered="1"/>
    </class>
    <sourcefile name="UserService.java">
      <line nr="15" mi="0" ci="1" mb="0" cb="0"/>
      <line nr="16" mi="0" ci="1" mb="0" cb="0"/>
      <line nr="17" mi="0" ci="1" mb="0" cb="0"/>
      <line nr="18" mi="0" ci="1" mb="0" cb="0"/>
      <line nr="19" mi="1" ci="0" mb="0" cb="0"/>
      <counter type="INSTRUCTION" missed="2" covered="10"/>
      <counter type="BRANCH" missed="1" covered="3"/>
      <counter type="LINE" missed="1" covered="4"/>
      <counter type="COMPLEXITY" missed="0" covered="1"/>
      <counter type="METHOD" missed="0" covered="1"/>
      <counter type="CLASS" missed="0" covered="1"/>
    </sourcefile>
    <counter type="INSTRUCTION" missed="2" covered="10"/>
    <counter type="BRANCH" missed="1" covered="3"/>
    <counter type="LINE" missed="1" covered="4"/>
    <counter type="COMPLEXITY" missed="0" covered="1"/>
    <counter type="METHOD" missed="0" covered="1"/>
    <counter type="CLASS" missed="0" covered="1"/>
  </package>
  <counter type="INSTRUCTION" missed="2" covered="10"/>
  <counter type="BRANCH" missed="1" covered="3"/>
  <counter type="LINE" missed="1" covered="4"/>
  <counter type="COMPLEXITY" missed="0" covered="1"/>
  <counter type="METHOD" missed="0" covered="1"/>
  <counter type="CLASS" missed="0" covered="1"/>
</report>
